<?xml version="1.0" encoding="UTF-8"?>
<!-- Generated by org.testng.reporters.JUnitXMLReporter -->
<testsuite hostname="LAPTOP-HM1EOULJ" ignored="0" name="Test" tests="4" failures="0" timestamp="25 Oct 2018 09:48:00 GMT" time="8.451" errors="0">
  <testcase name="RestTest" time="5.62" classname="Rest.restRunner"/>
  <testcase name="SoapTest" time="1.47" classname="Soap.testRunner"/>
  <testcase name="singleTest" time="0.168" classname="Soap.testRunner2"/>
  <testcase name="RestTest2" time="1.162" classname="Rest.restRunner2"/>
</testsuite> <!-- Test -->
